<?xml version="1.0" encoding="UTF-8"?>
<!-- Generated by org.testng.reporters.JUnitXMLReporter -->
<testsuite ignored="0" hostname="DELL" failures="1" tests="1" name="Test" time="2.96" errors="0" timestamp="2023-03-16T22:04:54 IST">
  <testcase classname="io.cucumber.testng.AbstractTestNGCucumberTests" name="runScenario" time="2.71">
    <failure type="io.cucumber.java.PendingException" message="TODO: implement me">
      <![CDATA[io.cucumber.java.PendingException: TODO: implement me
at Stepdefs.LoginPageSteps.user_is_on_hrm_login_page(LoginPageSteps.java:33)
at ✽.User is on HRMLogin page "https://www.facebook.com/"(file:///D:/AutomationCodeBase/CucumberRepo/CucumberTestNGFW/src/test/resources/features/LoginPage.feature:5)
]]>
    </failure>
  </testcase> <!-- runScenario -->
</testsuite> <!-- Test -->
