<?xml version="1.0" encoding="UTF-8"?>
<testng-results ignored="0" total="1" passed="0" failed="1" skipped="0">
  <reporter-output>
  </reporter-output>
  <suite started-at="2023-03-16T22:04:51 IST" name="Suite" finished-at="2023-03-16T22:04:54 IST" duration-ms="2960">
    <groups>
      <group name="cucumber">
        <method signature="AbstractTestNGCucumberTests.runScenario(io.cucumber.testng.PickleWrapper,io.cucumber.testng.FeatureWrapper)[pri:0, instance:runner.TestsRunner@1cf6d1be]" name="runScenario" class="io.cucumber.testng.AbstractTestNGCucumberTests"/>
      </group> <!-- cucumber -->
    </groups>
    <test started-at="2023-03-16T22:04:51 IST" name="Test" finished-at="2023-03-16T22:04:54 IST" duration-ms="2960">
      <class name="runner.TestsRunner">
        <test-method is-config="true" signature="setUpClass(org.testng.ITestContext)[pri:0, instance:runner.TestsRunner@1cf6d1be]" started-at="2023-03-16T22:04:51 IST" name="setUpClass" finished-at="2023-03-16T22:04:51 IST" duration-ms="197" status="PASS">
          <params>
            <param index="0">
              <value>
                <![CDATA[org.testng.TestRunner@3e36b7a0]]>
              </value>
            </param>
          </params>
          <reporter-output>
          </reporter-output>
        </test-method> <!-- setUpClass -->
        <test-method signature="runScenario(io.cucumber.testng.PickleWrapper,io.cucumber.testng.FeatureWrapper)[pri:0, instance:runner.TestsRunner@1cf6d1be]" started-at="2023-03-16T22:04:51 IST" name="runScenario" description="Runs Cucumber Scenarios" data-provider="scenarios" finished-at="2023-03-16T22:04:54 IST" duration-ms="2710" status="FAIL">
          <params>
            <param index="0">
              <value>
                <![CDATA["Login with valid credentials"]]>
              </value>
            </param>
            <param index="1">
              <value>
                <![CDATA["Login to HRM Application"]]>
              </value>
            </param>
          </params>
          <exception class="io.cucumber.java.PendingException">
            <message>
              <![CDATA[TODO: implement me]]>
            </message>
            <full-stacktrace>
              <![CDATA[io.cucumber.java.PendingException: TODO: implement me
at Stepdefs.LoginPageSteps.user_is_on_hrm_login_page(LoginPageSteps.java:33)
at ✽.User is on HRMLogin page "https://www.facebook.com/"(file:///D:/AutomationCodeBase/CucumberRepo/CucumberTestNGFW/src/test/resources/features/LoginPage.feature:5)
]]>
            </full-stacktrace>
          </exception> <!-- io.cucumber.java.PendingException -->
          <reporter-output>
          </reporter-output>
        </test-method> <!-- runScenario -->
        <test-method is-config="true" signature="tearDownClass()[pri:0, instance:runner.TestsRunner@1cf6d1be]" started-at="2023-03-16T22:04:54 IST" name="tearDownClass" finished-at="2023-03-16T22:04:54 IST" duration-ms="11" status="PASS">
          <reporter-output>
          </reporter-output>
        </test-method> <!-- tearDownClass -->
      </class> <!-- runner.TestsRunner -->
    </test> <!-- Test -->
  </suite> <!-- Suite -->
</testng-results>
