<?xml version="1.0" encoding="UTF-8"?>
<!-- Generated by org.testng.reporters.JUnitReportReporter -->
<testsuite hostname="DELL" failures="0" tests="1" name="runner.TestsRunner" time="2.710" errors="1" timestamp="2023-03-16T22:04:54 IST" skipped="0">
  <testcase classname="runner.TestsRunner" name="runScenario" time="2.710">
    <error message="TODO: implement me" type="io.cucumber.java.PendingException">
      <![CDATA[io.cucumber.java.PendingException: TODO: implement me
at Stepdefs.LoginPageSteps.user_is_on_hrm_login_page(LoginPageSteps.java:33)
at ✽.User is on HRMLogin page "https://www.facebook.com/"(file:///D:/AutomationCodeBase/CucumberRepo/CucumberTestNGFW/src/test/resources/features/LoginPage.feature:5)
]]>
    </error>
  </testcase> <!-- runScenario -->
  <system-out/>
</testsuite> <!-- runner.TestsRunner -->
